<?xml version="1.0" encoding="UTF-8"?>
<!-- Generated by org.testng.reporters.JUnitReportReporter -->
<testsuite hostname="Meenas-MacBook-Air.local" failures="0" tests="3" name="utils.ExcelDataProvider" time="22.972" errors="0" timestamp="2024-03-02T22:58:18 PST" skipped="0">
  <testcase classname="utils.ExcelDataProvider" name="test1" time="4.965"/>
  <testcase classname="utils.ExcelDataProvider" name="test1" time="6.464"/>
  <testcase classname="utils.ExcelDataProvider" name="test1" time="11.543"/>
</testsuite> <!-- utils.ExcelDataProvider -->
