<?xml version="1.0" encoding="UTF-8"?>
<!-- Generated by org.testng.reporters.JUnitReportReporter -->
<testsuite hostname="Meenas-MacBook-Air.local" failures="0" tests="1" name="test3.GoogleSearchTest_TestNG" time="30.507" errors="0" timestamp="2024-03-02T20:40:08 PST" skipped="0">
  <testcase classname="test3.GoogleSearchTest_TestNG" name="GoogleSearch" time="30.507"/>
</testsuite> <!-- test3.GoogleSearchTest_TestNG -->
