<?xml version="1.0" encoding="UTF-8"?>
<!-- Generated by org.testng.reporters.JUnitReportReporter -->
<testsuite hostname="Meenas-MacBook-Air.local" failures="0" tests="2" name="test3.ExtentReports_TestNG" time="71.174" errors="0" timestamp="2024-02-29T16:56:56 PST" skipped="0">
  <testcase classname="test3.ExtentReports_TestNG" name="GoogleSearchJava" time="31.511"/>
  <testcase classname="test3.ExtentReports_TestNG" name="GoogleSearchSel" time="39.663"/>
</testsuite> <!-- test3.ExtentReports_TestNG -->
