<?xml version="1.0" encoding="UTF-8"?>
<!-- Generated by org.testng.reporters.JUnitReportReporter -->
<testsuite hostname="Meenas-MacBook-Air.local" failures="0" tests="1" name="test3.GoogleSearchTest_TestNG2" time="48.088" errors="0" timestamp="2024-02-29T18:06:19 PST" skipped="0">
  <testcase classname="test3.GoogleSearchTest_TestNG2" name="GoogleSearch3" time="48.088"/>
</testsuite> <!-- test3.GoogleSearchTest_TestNG2 -->
